android/app/build/intermediates/manifest_merge_blame_file/debug/manifest-merger-blame-debug-report.txt
1<?xml version="1.0" encoding="utf-8"?>
2<manifest xmlns:android="http://schemas.android.com/apk/res/android"
3    package="ttstestsarfojoe.huawei"
4    android:versionCode="1"
5    android:versionName="1.0" >
6
7    <uses-sdk
8        android:minSdkVersion="21"
9        android:targetSdkVersion="31" />
10
11    <uses-permission android:name="android.permission.SYSTEM_ALERT_WINDOW" />
11-->src\debug\AndroidManifest.xml:5:5-77
11-->src\debug\AndroidManifest.xml:5:22-75
12    <uses-permission android:name="android.permission.INTERNET" />
12-->src\main\AndroidManifest.xml:4:5-67
12-->src\main\AndroidManifest.xml:4:22-64
13    <uses-permission android:name="android.permission.ACCESS_NETWORK_STATE" />
13-->src\main\AndroidManifest.xml:5:5-79
13-->src\main\AndroidManifest.xml:5:22-76
14    <uses-permission android:name="android.permission.CAMERA" />
14-->src\main\AndroidManifest.xml:6:5-65
14-->src\main\AndroidManifest.xml:6:22-62
15    <uses-permission android:name="android.permission.INTERNET" />
15-->src\main\AndroidManifest.xml:4:5-67
15-->src\main\AndroidManifest.xml:4:22-64
16    <uses-permission android:name="android.permission.WRITE_EXTERNAL_STORAGE" />
16-->src\main\AndroidManifest.xml:8:5-81
16-->src\main\AndroidManifest.xml:8:22-78
17    <uses-permission android:name="android.permission.READ_EXTERNAL_STORAGE" />
17-->src\main\AndroidManifest.xml:9:5-80
17-->src\main\AndroidManifest.xml:9:22-77
18    <uses-permission android:name="android.permission.RECORD_AUDIO" />
18-->src\main\AndroidManifest.xml:10:5-71
18-->src\main\AndroidManifest.xml:10:22-68
19    <uses-permission android:name="android.permission.ACCESS_WIFI_STATE" />
19-->src\main\AndroidManifest.xml:11:5-76
19-->src\main\AndroidManifest.xml:11:22-73
20
21    <uses-feature android:name="android.hardware.camera" />
21-->[com.huawei.hms:ml-product-visual-search-plugin:2.0.3.300] AndroidManifest.xml:11:5-60
21-->[com.huawei.hms:ml-product-visual-search-plugin:2.0.3.300] AndroidManifest.xml:11:19-57
22    <uses-feature android:name="android.hardware.camera.autofocus" />
22-->[com.huawei.hms:ml-computer-card-bcr:2.0.3.301] AndroidManifest.xml:13:5-70
22-->[com.huawei.hms:ml-computer-card-bcr:2.0.3.301] AndroidManifest.xml:13:19-67
23
24    <meta-data
24-->[com.huawei.hms:ml-computer-translate-model:2.0.5.300] AndroidManifest.xml:11:5-13:65
25        android:name="com.huawei.hms.client.service.name:ml-computer-translate-model"
25-->[com.huawei.hms:ml-computer-translate-model:2.0.5.300] AndroidManifest.xml:12:9-86
26        android:value="ml-computer-translate-model:2.0.5.300" /> <!-- 如果是安卓8.0，应用编译配置的targetSdkVersion>=26，请务必添加以下权限 -->
26-->[com.huawei.hms:ml-computer-translate-model:2.0.5.300] AndroidManifest.xml:13:9-62
27    <uses-permission android:name="android.permission.REQUEST_INSTALL_PACKAGES" /> <!-- 应用市场9.0版本必须使用该权限获取用户的服务地 -->
27-->[com.huawei.hms:availableupdate:5.0.5.300] AndroidManifest.xml:16:5-83
27-->[com.huawei.hms:availableupdate:5.0.5.300] AndroidManifest.xml:16:22-80
28    <uses-permission android:name="com.huawei.appmarket.service.commondata.permission.GET_COMMON_DATA" />
28-->[com.huawei.hms:availableupdate:5.0.5.300] AndroidManifest.xml:18:5-106
28-->[com.huawei.hms:availableupdate:5.0.5.300] AndroidManifest.xml:18:22-103
29
30    <application
30-->src\main\AndroidManifest.xml:13:5-32:19
31        android:name="ttstestsarfojoe.huawei.MainApplication"
31-->src\main\AndroidManifest.xml:14:7-38
32        android:allowBackup="false"
32-->src\main\AndroidManifest.xml:18:7-34
33        android:appComponentFactory="androidx.core.app.CoreComponentFactory"
33-->[androidx.core:core:1.5.0] AndroidManifest.xml:24:18-86
34        android:debuggable="true"
35        android:icon="@mipmap/ic_launcher"
35-->src\main\AndroidManifest.xml:16:7-41
36        android:label="@string/app_name"
36-->src\main\AndroidManifest.xml:15:7-39
37        android:networkSecurityConfig="@xml/network_security_config"
37-->[com.huawei.hms:ml-computer-vision-cloud:2.0.5.300] AndroidManifest.xml:11:18-78
38        android:roundIcon="@mipmap/ic_launcher_round"
38-->src\main\AndroidManifest.xml:17:7-52
39        android:theme="@style/AppTheme"
39-->src\main\AndroidManifest.xml:19:7-38
40        android:usesCleartextTraffic="true" >
40-->src\debug\AndroidManifest.xml:8:9-44
41        <activity
41-->src\debug\AndroidManifest.xml:11:9-111
42            android:name="com.facebook.react.devsupport.DevSettingsActivity"
42-->src\debug\AndroidManifest.xml:11:19-83
43            android:exported="false" />
43-->src\debug\AndroidManifest.xml:11:84-108
44        <activity
44-->src\main\AndroidManifest.xml:20:7-31:18
45            android:name="ttstestsarfojoe.huawei.MainActivity"
45-->src\main\AndroidManifest.xml:21:9-37
46            android:configChanges="keyboard|keyboardHidden|orientation|screenLayout|screenSize|smallestScreenSize|uiMode"
46-->src\main\AndroidManifest.xml:23:9-118
47            android:exported="true"
47-->src\main\AndroidManifest.xml:26:9-32
48            android:label="@string/app_name"
48-->src\main\AndroidManifest.xml:22:9-41
49            android:launchMode="singleTask"
49-->src\main\AndroidManifest.xml:24:9-40
50            android:windowSoftInputMode="adjustResize" >
50-->src\main\AndroidManifest.xml:25:9-51
51            <intent-filter>
51-->src\main\AndroidManifest.xml:27:9-30:25
52                <action android:name="android.intent.action.MAIN" />
52-->src\main\AndroidManifest.xml:28:13-65
52-->src\main\AndroidManifest.xml:28:21-62
53
54                <category android:name="android.intent.category.LAUNCHER" />
54-->src\main\AndroidManifest.xml:29:13-73
54-->src\main\AndroidManifest.xml:29:23-70
55            </intent-filter>
56        </activity>
57        <!--
58             ocr        1:  1.0.0.300
59                       2:  1.0.4.300 首帧延迟
60                      3： 2.0.0.300 算法更新
61        -->
62        <meta-data
62-->[com.huawei.hms:ml-computer-vision-ocr:2.0.5.300] AndroidManifest.xml:19:9-22:36
63            android:name="com.huawei.hms.min_api_level:ml-computer-vision:huawei_module_mlkit_ocr"
63-->[com.huawei.hms:ml-computer-vision-ocr:2.0.5.300] AndroidManifest.xml:20:13-99
64            android:value="3" />
64-->[com.huawei.hms:ml-computer-vision-ocr:2.0.5.300] AndroidManifest.xml:21:13-30
65        <!--
66             label      1:  1.0.0.300
67                       2:  1.0.4.300 首帧延迟
68        -->
69        <meta-data
69-->[com.huawei.hms:ml-computer-vision-classification:2.0.1.300] AndroidManifest.xml:18:9-21:36
70            android:name="com.huawei.hms.min_api_level:ml-computer-vision:huawei_module_mlkit_label"
70-->[com.huawei.hms:ml-computer-vision-classification:2.0.1.300] AndroidManifest.xml:19:13-101
71            android:value="2" />
71-->[com.huawei.hms:ml-computer-vision-classification:2.0.1.300] AndroidManifest.xml:20:13-30
72        <!--
73             object     1:  1.0.0.300
74                       2:  1.0.4.300 首帧延迟
75        -->
76        <meta-data
76-->[com.huawei.hms:ml-computer-vision-object:2.0.3.300] AndroidManifest.xml:18:9-21:36
77            android:name="com.huawei.hms.min_api_level:ml-computer-vision:huawei_module_mlkit_object"
77-->[com.huawei.hms:ml-computer-vision-object:2.0.3.300] AndroidManifest.xml:19:13-102
78            android:value="2" />
78-->[com.huawei.hms:ml-computer-vision-object:2.0.3.300] AndroidManifest.xml:20:13-30
79        <!--
80             imgseg      1： 1.0.2.300
81                         2:  1.0.3.300
82                         3:  1.0.4.300 首帧延迟
83                         4:  1.0.4.301 算法更新
84        -->
85        <meta-data
85-->[com.huawei.hms:ml-computer-vision-segmentation:2.0.4.300] AndroidManifest.xml:19:9-21:33
86            android:name="com.huawei.hms.min_api_level:ml-computer-vision:huawei_module_mlkit_imgseg"
86-->[com.huawei.hms:ml-computer-vision-segmentation:2.0.4.300] AndroidManifest.xml:20:13-102
87            android:value="4" />
87-->[com.huawei.hms:ml-computer-vision-segmentation:2.0.4.300] AndroidManifest.xml:21:13-30
88        <meta-data
88-->[com.huawei.hms:ml-product-visual-search-plugin:2.0.3.300] AndroidManifest.xml:14:9-16:73
89            android:name="com.huawei.hms.client.service.name:ml-product-visual-search-plugin"
89-->[com.huawei.hms:ml-product-visual-search-plugin:2.0.3.300] AndroidManifest.xml:15:13-94
90            android:value="ml-product-visual-search-plugin:2.0.3.300" />
90-->[com.huawei.hms:ml-product-visual-search-plugin:2.0.3.300] AndroidManifest.xml:16:13-70
91
92        <activity
92-->[com.huawei.hms:ml-product-visual-search-plugin:2.0.3.300] AndroidManifest.xml:18:9-22:66
93            android:name="com.huawei.hms.mlplugin.productvisionsearch.activity.TakePhotoActivity"
93-->[com.huawei.hms:ml-product-visual-search-plugin:2.0.3.300] AndroidManifest.xml:19:13-98
94            android:configChanges="orientation|keyboard|keyboardHidden|screenLayout|smallestScreenSize|screenSize"
94-->[com.huawei.hms:ml-product-visual-search-plugin:2.0.3.300] AndroidManifest.xml:20:13-115
95            android:screenOrientation="portrait"
95-->[com.huawei.hms:ml-product-visual-search-plugin:2.0.3.300] AndroidManifest.xml:21:13-49
96            android:theme="@style/Theme.AppCompat.NoActionBar" />
96-->[com.huawei.hms:ml-product-visual-search-plugin:2.0.3.300] AndroidManifest.xml:22:13-63
97        <activity
97-->[com.huawei.hms:ml-product-visual-search-plugin:2.0.3.300] AndroidManifest.xml:23:9-26:63
98            android:name="com.huawei.hms.mlplugin.productvisionsearch.activity.LoadingDialogActivity"
98-->[com.huawei.hms:ml-product-visual-search-plugin:2.0.3.300] AndroidManifest.xml:24:13-102
99            android:screenOrientation="behind"
99-->[com.huawei.hms:ml-product-visual-search-plugin:2.0.3.300] AndroidManifest.xml:25:13-47
100            android:theme="@style/MLPvsDialogActivityTheme" />
100-->[com.huawei.hms:ml-product-visual-search-plugin:2.0.3.300] AndroidManifest.xml:26:13-60
101        <!--
102             face       1： 1.0.0.203
103                        2:  1.0.3.300
104                       3:  1.0.4.300   首帧延迟
105                      4:  2.0.1.300      包大小和性能优化
106                       5:  2.0.5.300  新增Face 3D版本,更新mindspore版本
107        -->
108        <meta-data
108-->[com.huawei.hms:ml-computer-vision-face:2.0.5.300] AndroidManifest.xml:21:9-24:36
109            android:name="com.huawei.hms.min_api_level:ml-computer-vision:huawei_module_mlkit_face"
109-->[com.huawei.hms:ml-computer-vision-face:2.0.5.300] AndroidManifest.xml:22:13-100
110            android:value="5" />
110-->[com.huawei.hms:ml-computer-vision-face:2.0.5.300] AndroidManifest.xml:23:13-30
111        <meta-data
111-->[com.huawei.hms:ml-computer-vision-cloud:2.0.5.300] AndroidManifest.xml:12:9-14:60
112            android:name="com.huawei.hms.client.service.name:ml-computer-vision"
112-->[com.huawei.hms:ml-computer-vision-cloud:2.0.5.300] AndroidManifest.xml:13:13-81
113            android:value="ml-computer-vision:2.0.5.300" />
113-->[com.huawei.hms:ml-computer-vision-cloud:2.0.5.300] AndroidManifest.xml:14:13-57
114
115        <activity
115-->[com.huawei.hms:ml-computer-card-bcr:2.0.3.301] AndroidManifest.xml:16:9-19:72
116            android:name="com.huawei.hms.mlplugin.card.bcr.CaptureActivity"
116-->[com.huawei.hms:ml-computer-card-bcr:2.0.3.301] AndroidManifest.xml:17:13-76
117            android:resizeableActivity="false"
117-->[com.huawei.hms:ml-computer-card-bcr:2.0.3.301] AndroidManifest.xml:18:13-47
118            android:theme="@style/Theme.AppCompat.Light.NoActionBar" />
118-->[com.huawei.hms:ml-computer-card-bcr:2.0.3.301] AndroidManifest.xml:19:13-69
119
120        <meta-data
120-->[com.huawei.hms:ml-computer-card-bcr:2.0.3.301] AndroidManifest.xml:21:9-23:69
121            android:name="com.huawei.hms.client.service.name:ml-computer-card-bcr-plugin"
121-->[com.huawei.hms:ml-computer-card-bcr:2.0.3.301] AndroidManifest.xml:22:13-90
122            android:value="ml-computer-card-bcr-plugin:2.0.3.301" />
122-->[com.huawei.hms:ml-computer-card-bcr:2.0.3.301] AndroidManifest.xml:23:13-66
123        <!--
124             bcr         1:  1.0.2.300
125                        2:  1.0.4.300 首帧延迟
126        -->
127        <meta-data
127-->[com.huawei.hms:ml-computer-card-bcr:2.0.3.301] AndroidManifest.xml:28:9-31:36
128            android:name="com.huawei.hms.min_api_level:ml-computer-vision:huawei_module_mlkit_bcr"
128-->[com.huawei.hms:ml-computer-card-bcr:2.0.3.301] AndroidManifest.xml:29:13-99
129            android:value="3" />
129-->[com.huawei.hms:ml-computer-card-bcr:2.0.3.301] AndroidManifest.xml:30:13-30
130        <meta-data
130-->[com.huawei.hms:ml-computer-translate:2.0.5.300] AndroidManifest.xml:12:9-14:33
131            android:name="com.huawei.hms.min_api_level:ml-computer-vision:huawei_module_mlkit_translate"
131-->[com.huawei.hms:ml-computer-translate:2.0.5.300] AndroidManifest.xml:13:13-105
132            android:value="2" />
132-->[com.huawei.hms:ml-computer-translate:2.0.5.300] AndroidManifest.xml:14:13-30
133        <meta-data
133-->[com.huawei.hms:ml-computer-translate:2.0.5.300] AndroidManifest.xml:15:9-17:54
134            android:name="com.huawei.hms.client.service.name:mlkittranslate"
134-->[com.huawei.hms:ml-computer-translate:2.0.5.300] AndroidManifest.xml:16:13-77
135            android:value="ml-translate:2.0.5.300" />
135-->[com.huawei.hms:ml-computer-translate:2.0.5.300] AndroidManifest.xml:17:13-51
136        <meta-data
136-->[com.huawei.hms:ml-computer-language-detection:2.0.5.300] AndroidManifest.xml:12:9-14:33
137            android:name="com.huawei.hms.min_api_level:ml-computer-vision:huawei_module_mlkit_langdetect"
137-->[com.huawei.hms:ml-computer-language-detection:2.0.5.300] AndroidManifest.xml:13:13-106
138            android:value="1" />
138-->[com.huawei.hms:ml-computer-language-detection:2.0.5.300] AndroidManifest.xml:14:13-30
139        <meta-data
139-->[com.huawei.hms:ml-computer-language-detection:2.0.5.300] AndroidManifest.xml:15:9-17:59
140            android:name="com.huawei.hms.client.service.name:mlkitlanguagedetect"
140-->[com.huawei.hms:ml-computer-language-detection:2.0.5.300] AndroidManifest.xml:16:13-82
141            android:value="ml-languagedetect:2.0.5.300" />
141-->[com.huawei.hms:ml-computer-language-detection:2.0.5.300] AndroidManifest.xml:17:13-56
142
143        <activity
143-->[com.huawei.hms:ml-computer-voice-asr-plugin:2.0.5.300] AndroidManifest.xml:13:9-18:20
144            android:name="com.huawei.hms.mlplugin.asr.MLAsrCaptureActivity"
144-->[com.huawei.hms:ml-computer-voice-asr-plugin:2.0.5.300] AndroidManifest.xml:14:13-76
145            android:configChanges="screenSize|smallestScreenSize|screenLayout|keyboardHidden|orientation"
145-->[com.huawei.hms:ml-computer-voice-asr-plugin:2.0.5.300] AndroidManifest.xml:15:13-106
146            android:exported="false"
146-->[com.huawei.hms:ml-computer-voice-asr-plugin:2.0.5.300] AndroidManifest.xml:16:13-37
147            android:theme="@style/mlkitAsrCaptureActivityTheme" >
147-->[com.huawei.hms:ml-computer-voice-asr-plugin:2.0.5.300] AndroidManifest.xml:17:13-64
148        </activity>
149
150        <meta-data
150-->[com.huawei.hms:ml-computer-voice-asr-plugin:2.0.5.300] AndroidManifest.xml:20:9-22:70
151            android:name="com.huawei.hms:ml-computer-voice-asr-plugin"
151-->[com.huawei.hms:ml-computer-voice-asr-plugin:2.0.5.300] AndroidManifest.xml:21:13-71
152            android:value="ml-computer-voice-asr-plugin:2.0.5.300" />
152-->[com.huawei.hms:ml-computer-voice-asr-plugin:2.0.5.300] AndroidManifest.xml:22:13-67
153        <meta-data
153-->[com.huawei.hms:ml-computer-voice-asr:2.0.5.300] AndroidManifest.xml:12:9-14:67
154            android:name="com.huawei.hms:ml-computer-voice-asr-sdk"
154-->[com.huawei.hms:ml-computer-voice-asr:2.0.5.300] AndroidManifest.xml:13:13-68
155            android:value="ml-computer-voice-asr-sdk:2.0.5.300" />
155-->[com.huawei.hms:ml-computer-voice-asr:2.0.5.300] AndroidManifest.xml:14:13-64
156        <meta-data
156-->[com.huawei.hms:ml-computer-voice-tts:2.0.5.300] AndroidManifest.xml:13:9-15:33
157            android:name="com.huawei.hms.min_api_level:ml-computer-voice-tts:huawei_module_mlkit_tts_bee"
157-->[com.huawei.hms:ml-computer-voice-tts:2.0.5.300] AndroidManifest.xml:14:13-106
158            android:value="1" /> <!-- <meta-data -->
158-->[com.huawei.hms:ml-computer-voice-tts:2.0.5.300] AndroidManifest.xml:15:13-30
159        <!-- android:name="com.huawei.hms.min_api_level:ml-computer-voice-tts:huawei_module_mlkit_tts_bolt" -->
160        <!-- android:value="1" /> -->
161        <meta-data
161-->[com.huawei.hms:ml-computer-voice-tts:2.0.5.300] AndroidManifest.xml:19:9-21:33
162            android:name="com.huawei.hms.min_api_level:ml-computer-voice-tts:huawei_module_mlkit_tts_eagle"
162-->[com.huawei.hms:ml-computer-voice-tts:2.0.5.300] AndroidManifest.xml:20:13-108
163            android:value="1" />
163-->[com.huawei.hms:ml-computer-voice-tts:2.0.5.300] AndroidManifest.xml:21:13-30
164        <meta-data
164-->[com.huawei.hms:ml-computer-voice-tts:2.0.5.300] AndroidManifest.xml:22:9-24:63
165            android:name="com.huawei.hms.client.service.name:ml-computer-voice-tts"
165-->[com.huawei.hms:ml-computer-voice-tts:2.0.5.300] AndroidManifest.xml:23:13-84
166            android:value="ml-computer-voice-tts:2.0.5.300" />
166-->[com.huawei.hms:ml-computer-voice-tts:2.0.5.300] AndroidManifest.xml:24:13-60
167        <meta-data
167-->[com.huawei.hms:ml-computer-voice-aft:2.0.5.300] AndroidManifest.xml:12:9-14:59
168            android:name="com.huawei.hms.client.service.name:ml-computer-voice-aft"
168-->[com.huawei.hms:ml-computer-voice-aft:2.0.5.300] AndroidManifest.xml:13:13-84
169            android:value="ml-computer-voice:2.0.5.300" />
169-->[com.huawei.hms:ml-computer-voice-aft:2.0.5.300] AndroidManifest.xml:14:13-56
170        <meta-data
170-->[com.huawei.hms:ml-computer-voice-realtimetranscription:2.0.5.300] AndroidManifest.xml:12:9-14:81
171            android:name="com.huawei.hms.client.service.name:ml-computer-voice-realtimetranscription"
171-->[com.huawei.hms:ml-computer-voice-realtimetranscription:2.0.5.300] AndroidManifest.xml:13:13-102
172            android:value="ml-computer-voice-realtimetranscription:2.0.5.300" />
172-->[com.huawei.hms:ml-computer-voice-realtimetranscription:2.0.5.300] AndroidManifest.xml:14:13-78
173        <meta-data
173-->[com.huawei.hms:ml-computer-vision-formrecognition:2.0.4.300] AndroidManifest.xml:13:9-15:33
174            android:name="com.huawei.hms.min_api_level:ml-computer-vision:ml_computer_vision_formrecognition"
174-->[com.huawei.hms:ml-computer-vision-formrecognition:2.0.4.300] AndroidManifest.xml:14:13-110
175            android:value="1" />
175-->[com.huawei.hms:ml-computer-vision-formrecognition:2.0.4.300] AndroidManifest.xml:15:13-30
176        <meta-data
176-->[com.huawei.hms:ml-computer-vision-formrecognition:2.0.4.300] AndroidManifest.xml:16:9-18:76
177            android:name="com.huawei.hms.client.service.name:ml-computer-vision-formrecognition"
177-->[com.huawei.hms:ml-computer-vision-formrecognition:2.0.4.300] AndroidManifest.xml:17:13-97
178            android:value="ml-computer-vision-formrecognition:2.0.4.300" /> <!-- SDK 配置api-level -->
178-->[com.huawei.hms:ml-computer-vision-formrecognition:2.0.4.300] AndroidManifest.xml:18:13-73
179        <meta-data
179-->[com.huawei.hms:ml-speech-semantics-sounddect-sdk:2.0.3.300] AndroidManifest.xml:14:9-16:33
180            android:name="com.huawei.hms.kit.min_api_level:ml-speech-semantics:huawei_module_mlkit_sounddect"
180-->[com.huawei.hms:ml-speech-semantics-sounddect-sdk:2.0.3.300] AndroidManifest.xml:15:13-110
181            android:value="1" />
181-->[com.huawei.hms:ml-speech-semantics-sounddect-sdk:2.0.3.300] AndroidManifest.xml:16:13-30
182        <meta-data
182-->[com.huawei.hms:ml-speech-semantics-sounddect-sdk:2.0.3.300] AndroidManifest.xml:17:9-19:75
183            android:name="com.huawei.hms.client.service.name:ml-speech-semantics-sounddect-sdk"
183-->[com.huawei.hms:ml-speech-semantics-sounddect-sdk:2.0.3.300] AndroidManifest.xml:18:13-96
184            android:value="ml-speech-semantics-sounddect-sdk:2.0.3.300" />
184-->[com.huawei.hms:ml-speech-semantics-sounddect-sdk:2.0.3.300] AndroidManifest.xml:19:13-72
185        <meta-data
185-->[com.huawei.hms:ml-computer-vision-imagesuperresolution:2.0.4.300] AndroidManifest.xml:13:9-15:33
186            android:name="com.huawei.hms.min_api_level:ml-computer-vision:huawei_module_mlkit_imagesuperresolution"
186-->[com.huawei.hms:ml-computer-vision-imagesuperresolution:2.0.4.300] AndroidManifest.xml:14:13-116
187            android:value="1" />
187-->[com.huawei.hms:ml-computer-vision-imagesuperresolution:2.0.4.300] AndroidManifest.xml:15:13-30
188        <meta-data
188-->[com.huawei.hms:ml-computer-vision-imagesuperresolution:2.0.4.300] AndroidManifest.xml:16:9-18:81
189            android:name="com.huawei.hms.client.service.name:ml-computer-vision-imagesuperresolution"
189-->[com.huawei.hms:ml-computer-vision-imagesuperresolution:2.0.4.300] AndroidManifest.xml:17:13-102
190            android:value="ml-computer-vision-imagesuperresolution:2.0.4.300" />
190-->[com.huawei.hms:ml-computer-vision-imagesuperresolution:2.0.4.300] AndroidManifest.xml:18:13-78
191        <meta-data
191-->[com.huawei.hms:ml-computer-vision-documentskew:2.0.4.300] AndroidManifest.xml:13:9-15:33
192            android:name="com.huawei.hms.min_api_level:ml-computer-vision:huawei_module_mlkit_dsc"
192-->[com.huawei.hms:ml-computer-vision-documentskew:2.0.4.300] AndroidManifest.xml:14:13-99
193            android:value="1" />
193-->[com.huawei.hms:ml-computer-vision-documentskew:2.0.4.300] AndroidManifest.xml:15:13-30
194        <meta-data
194-->[com.huawei.hms:ml-computer-vision-documentskew:2.0.4.300] AndroidManifest.xml:16:9-18:73
195            android:name="com.huawei.hms.client.service.name:ml-computer-vision-documentskew"
195-->[com.huawei.hms:ml-computer-vision-documentskew:2.0.4.300] AndroidManifest.xml:17:13-94
196            android:value="ml-computer-vision-documentskew:2.0.4.300" />
196-->[com.huawei.hms:ml-computer-vision-documentskew:2.0.4.300] AndroidManifest.xml:18:13-70
197        <meta-data
197-->[com.huawei.hms:ml-computer-vision-textimagesuperresolution:2.0.4.300] AndroidManifest.xml:13:9-15:33
198            android:name="com.huawei.hms.min_api_level:ml-computer-vision-textimagesuperresolution:huawei_module_mlkit_tisr"
198-->[com.huawei.hms:ml-computer-vision-textimagesuperresolution:2.0.4.300] AndroidManifest.xml:14:13-125
199            android:value="1" />
199-->[com.huawei.hms:ml-computer-vision-textimagesuperresolution:2.0.4.300] AndroidManifest.xml:15:13-30
200        <meta-data
200-->[com.huawei.hms:ml-computer-vision-textimagesuperresolution:2.0.4.300] AndroidManifest.xml:16:9-18:85
201            android:name="com.huawei.hms.client.service.name:ml-computer-vision-textimagesuperresolution"
201-->[com.huawei.hms:ml-computer-vision-textimagesuperresolution:2.0.4.300] AndroidManifest.xml:17:13-106
202            android:value="ml-computer-vision-textimagesuperresolution:2.0.4.300" />
202-->[com.huawei.hms:ml-computer-vision-textimagesuperresolution:2.0.4.300] AndroidManifest.xml:18:13-82
203        <meta-data
203-->[com.huawei.hms:ml-computer-vision-scenedetection:2.0.3.300] AndroidManifest.xml:13:9-15:33
204            android:name="com.huawei.hms.min_api_level:ml-computer-vision-scenedetection:huawei_module_mlkit_scenedetection"
204-->[com.huawei.hms:ml-computer-vision-scenedetection:2.0.3.300] AndroidManifest.xml:14:13-125
205            android:value="1" />
205-->[com.huawei.hms:ml-computer-vision-scenedetection:2.0.3.300] AndroidManifest.xml:15:13-30
206        <meta-data
206-->[com.huawei.hms:ml-computer-vision-scenedetection:2.0.3.300] AndroidManifest.xml:16:9-18:75
207            android:name="com.huawei.hms.client.service.name:ml-computer-vision-scenedetection"
207-->[com.huawei.hms:ml-computer-vision-scenedetection:2.0.3.300] AndroidManifest.xml:17:13-96
208            android:value="ml-computer-vision-scenedetection:2.0.3.300" /> <!-- SDK 配置api-level -->
208-->[com.huawei.hms:ml-computer-vision-scenedetection:2.0.3.300] AndroidManifest.xml:18:13-72
209        <!-- skeleton       1： 2.0.1.300    服务初始版本 -->
210        <!-- skeleton       2： 2.0.4.300    合入了瑜伽场景，瑜伽骨骼点与通用骨骼点使用两个fullsdk，公用一套SDK -->
211        <meta-data
211-->[com.huawei.hms:ml-computer-vision-skeleton:2.0.4.300] AndroidManifest.xml:17:9-19:33
212            android:name="com.huawei.hms.kit.min_api_level:ml-computer-vision:huawei_module_mlkit_skeleton"
212-->[com.huawei.hms:ml-computer-vision-skeleton:2.0.4.300] AndroidManifest.xml:18:13-108
213            android:value="2" />
213-->[com.huawei.hms:ml-computer-vision-skeleton:2.0.4.300] AndroidManifest.xml:19:13-30
214        <meta-data
214-->[com.huawei.hms:ml-computer-vision-skeleton:2.0.4.300] AndroidManifest.xml:20:9-22:69
215            android:name="com.huawei.hms.client.service.name:ml-computer-vision-skeleton"
215-->[com.huawei.hms:ml-computer-vision-skeleton:2.0.4.300] AndroidManifest.xml:21:13-90
216            android:value="ml-computer-vision-skeleton:2.0.4.300" />
216-->[com.huawei.hms:ml-computer-vision-skeleton:2.0.4.300] AndroidManifest.xml:22:13-66
217
218        <activity
218-->[com.huawei.hms:ml-computer-vision-livenessdetection:2.0.5.300] AndroidManifest.xml:14:9-21:35
219            android:name="com.huawei.hms.mlsdk.livenessdetection.ui.LivenessDetectActivity"
219-->[com.huawei.hms:ml-computer-vision-livenessdetection:2.0.5.300] AndroidManifest.xml:15:13-92
220            android:configChanges="screenSize|smallestScreenSize|screenLayout|orientation"
220-->[com.huawei.hms:ml-computer-vision-livenessdetection:2.0.5.300] AndroidManifest.xml:16:13-91
221            android:launchMode="singleTop"
221-->[com.huawei.hms:ml-computer-vision-livenessdetection:2.0.5.300] AndroidManifest.xml:17:13-43
222            android:resizeableActivity="true"
222-->[com.huawei.hms:ml-computer-vision-livenessdetection:2.0.5.300] AndroidManifest.xml:18:13-46
223            android:screenOrientation="portrait"
223-->[com.huawei.hms:ml-computer-vision-livenessdetection:2.0.5.300] AndroidManifest.xml:19:13-49
224            android:theme="@android:style/Theme.Light.NoTitleBar" /> <!-- SDK 配置api-level -->
224-->[com.huawei.hms:ml-computer-vision-livenessdetection:2.0.5.300] AndroidManifest.xml:20:13-66
225        <meta-data
225-->[com.huawei.hms:ml-computer-vision-livenessdetection:2.0.5.300] AndroidManifest.xml:24:9-26:33
226            android:name="com.huawei.hms.kit.min_api_level:ml-computer-vision:huawei_module_mlkit_livenessdetection"
226-->[com.huawei.hms:ml-computer-vision-livenessdetection:2.0.5.300] AndroidManifest.xml:25:13-117
227            android:value="1" />
227-->[com.huawei.hms:ml-computer-vision-livenessdetection:2.0.5.300] AndroidManifest.xml:26:13-30
228        <meta-data
228-->[com.huawei.hms:ml-computer-vision-handkeypoint:2.0.4.300] AndroidManifest.xml:13:9-15:33
229            android:name="com.huawei.hms.min_api_level:ml-computer-vision:huawei_module_mlkit_handkeypoint"
229-->[com.huawei.hms:ml-computer-vision-handkeypoint:2.0.4.300] AndroidManifest.xml:14:13-108
230            android:value="1" />
230-->[com.huawei.hms:ml-computer-vision-handkeypoint:2.0.4.300] AndroidManifest.xml:15:13-30
231        <meta-data
231-->[com.huawei.hms:ml-computer-vision-handkeypoint:2.0.4.300] AndroidManifest.xml:16:9-18:73
232            android:name="com.huawei.hms.client.service.name:ml-computer-vision-handkeypoint"
232-->[com.huawei.hms:ml-computer-vision-handkeypoint:2.0.4.300] AndroidManifest.xml:17:13-94
233            android:value="ml-computer-vision-handkeypoint:2.0.4.300" />
233-->[com.huawei.hms:ml-computer-vision-handkeypoint:2.0.4.300] AndroidManifest.xml:18:13-70
234        <meta-data
234-->[com.huawei.hms:ml-computer-vision-base:2.0.5.300] AndroidManifest.xml:14:9-16:65
235            android:name="com.huawei.hms.client.service.name:ml-computer-vision-base"
235-->[com.huawei.hms:ml-computer-vision-base:2.0.5.300] AndroidManifest.xml:15:13-86
236            android:value="ml-computer-vision-base:2.0.5.300" />
236-->[com.huawei.hms:ml-computer-vision-base:2.0.5.300] AndroidManifest.xml:16:13-62
237
238        <provider
238-->[com.huawei.hms:ml-computer-vision-base:2.0.5.300] AndroidManifest.xml:18:9-21:40
239            android:name="com.huawei.hms.mlsdk.common.provider.MLInitializerProvider"
239-->[com.huawei.hms:ml-computer-vision-base:2.0.5.300] AndroidManifest.xml:19:13-86
240            android:authorities="ttstestsarfojoe.huawei.MLInitializerProvider"
240-->[com.huawei.hms:ml-computer-vision-base:2.0.5.300] AndroidManifest.xml:20:13-73
241            android:exported="false" />
241-->[com.huawei.hms:ml-computer-vision-base:2.0.5.300] AndroidManifest.xml:21:13-37
242
243        <meta-data
243-->[com.huawei.hms:ml-computer-model-executor:2.0.5.300] AndroidManifest.xml:12:9-14:68
244            android:name="com.huawei.hms.client.service.name:ml-computer-model-executor"
244-->[com.huawei.hms:ml-computer-model-executor:2.0.5.300] AndroidManifest.xml:13:13-89
245            android:value="ml-computer-model-executor:2.0.5.300" />
245-->[com.huawei.hms:ml-computer-model-executor:2.0.5.300] AndroidManifest.xml:14:13-65
246        <meta-data
246-->[com.huawei.hms:ml-computer-model-download:2.0.4.300] AndroidManifest.xml:12:9-14:68
247            android:name="com.huawei.hms.client.service.name:ml-computer-model-download"
247-->[com.huawei.hms:ml-computer-model-download:2.0.4.300] AndroidManifest.xml:13:13-89
248            android:value="ml-computer-model-download:2.0.4.300" />
248-->[com.huawei.hms:ml-computer-model-download:2.0.4.300] AndroidManifest.xml:14:13-65
249        <meta-data
249-->[com.huawei.hms:ml-computer-language-detection-model:2.0.5.300] AndroidManifest.xml:12:9-14:78